#
# There is insufficient memory for the Java Runtime Environment to continue.
# Native memory allocation (malloc) failed to allocate 71216 bytes for Chunk::new
# Possible reasons:
#   The system is out of physical RAM or swap space
#   In 32 bit mode, the process size limit was hit
# Possible solutions:
#   Reduce memory load on the system
#   Increase physical memory or swap space
#   Check if swap backing store is full
#   Use 64 bit Java on a 64 bit OS
#   Decrease Java heap size (-Xmx/-Xms)
#   Decrease number of Java threads
#   Decrease Java thread stack sizes (-Xss)
#   Set larger code cache with -XX:ReservedCodeCacheSize=
# This output file may be truncated or incomplete.
#
#  Out of Memory Error (allocation.cpp:323), pid=10100, tid=8184
#
# JRE version: Java(TM) SE Runtime Environment (7.0_79-b15) (build 1.7.0_79-b15)
# Java VM: Java HotSpot(TM) 64-Bit Server VM (24.79-b02 mixed mode windows-amd64 compressed oops)
# Failed to write core dump. Minidumps are not enabled by default on client versions of Windows
#

---------------  T H R E A D  ---------------

Current thread (0x0000000009aab000):  JavaThread "C2 CompilerThread1" daemon [_thread_in_native, id=8184, stack(0x000000000b3b0000,0x000000000b4b0000)]

Stack: [0x000000000b3b0000,0x000000000b4b0000]
[error occurred during error reporting (printing stack bounds), id 0xc0000005]


[error occurred during error reporting (printing native stack), id 0xc0000005]


Current CompileTask:
C2:    122    2             sun.misc.ASCIICaseInsensitiveComparator::compare (126 bytes)


---------------  P R O C E S S  ---------------

Java Threads: ( => current thread )
  0x0000000009aac800 JavaThread "Service Thread" daemon [_thread_blocked, id=2568, stack(0x000000000b580000,0x000000000b680000)]
=>0x0000000009aab000 JavaThread "C2 CompilerThread1" daemon [_thread_in_native, id=8184, stack(0x000000000b3b0000,0x000000000b4b0000)]
  0x0000000009aa7000 JavaThread "C2 CompilerThread0" daemon [_thread_blocked, id=7720, stack(0x000000000b050000,0x000000000b150000)]
  0x0000000009aa6000 JavaThread "Attach Listener" daemon [_thread_blocked, id=8520, stack(0x000000000b170000,0x000000000b270000)]
  0x0000000009ac0000 JavaThread "Signal Dispatcher" daemon [_thread_blocked, id=9356, stack(0x000000000aee0000,0x000000000afe0000)]
  0x00000000088e6000 JavaThread "Finalizer" daemon [_thread_blocked, id=8784, stack(0x000000000ad50000,0x000000000ae50000)]
  0x000000000219a800 JavaThread "Reference Handler" daemon [_thread_blocked, id=10132, stack(0x000000000a9d0000,0x000000000aad0000)]
  0x00000000021ae000 JavaThread "main" [_thread_in_native, id=10236, stack(0x00000000022c0000,0x00000000023c0000)]

Other Threads:
  0x00000000088dd000 VMThread [stack: 0x000000000ab30000,0x000000000ac30000] [id=8800]
  0x00000000088ff000 WatcherThread [stack: 0x000000000b2b0000,0x000000000b3b0000] [id=1080]

VM state:not at safepoint (normal execution)

VM Mutex/Monitor currently owned by a thread: None

Heap
 PSYoungGen      total 37888K, used 1969K [0x00000000eaa80000, 0x00000000ed480000, 0x0000000100000000)
  eden space 32768K, 6% used [0x00000000eaa80000,0x00000000eac6c558,0x00000000eca80000)
  from space 5120K, 0% used [0x00000000ecf80000,0x00000000ecf80000,0x00000000ed480000)
  to   space 5120K, 0% used [0x00000000eca80000,0x00000000eca80000,0x00000000ecf80000)
 ParOldGen       total 85504K, used 0K [0x00000000c0000000, 0x00000000c5380000, 0x00000000eaa80000)
  object space 85504K, 0% used [0x00000000c0000000,0x00000000c0000000,0x00000000c5380000)
 PSPermGen       total 21504K, used 2854K [0x00000000bae00000, 0x00000000bc300000, 0x00000000c0000000)
  object space 21504K, 13% used [0x00000000bae00000,0x00000000bb0c9b88,0x00000000bc300000)

Card table byte_map: [0x00000000053c0000,0x00000000055f0000] byte_map_base: 0x0000000004de9000

Polling page: 0x0000000000110000

Code Cache  [0x00000000023c0000, 0x0000000002630000, 0x00000000053c0000)
 total_blobs=189 nmethods=1 adapters=141 free_code_cache=48765Kb largest_free_block=49928384

Compilation events (3 events):
Event: 0.069 Thread 0x0000000009aa7000    1             java.lang.String::charAt (29 bytes)
Event: 0.071 Thread 0x0000000009aa7000 nmethod 1 0x00000000024224d0 code [0x0000000002422600, 0x0000000002422698]
Event: 0.120 Thread 0x0000000009aab000    2             sun.misc.ASCIICaseInsensitiveComparator::compare (126 bytes)

GC Heap History (0 events):
No events

Deoptimization events (0 events):
No events

Internal exceptions (6 events):
Event: 0.032 Thread 0x00000000021ae000 Threw 0x00000000eaa8f648 at C:\re\jdk7u79\2331\hotspot\src\share\vm\prims\jni.cpp:3991
Event: 0.068 Thread 0x00000000021ae000 Threw 0x00000000eab170e0 at C:\re\jdk7u79\2331\hotspot\src\share\vm\prims\jvm.cpp:1304
Event: 0.105 Thread 0x00000000021ae000 Threw 0x00000000eabcca70 at C:\re\jdk7u79\2331\hotspot\src\share\vm\prims\jvm.cpp:1304
Event: 0.120 Thread 0x00000000021ae000 Threw 0x00000000eabd0ba8 at C:\re\jdk7u79\2331\hotspot\src\share\vm\prims\jvm.cpp:1304
Event: 0.121 Thread 0x00000000021ae000 Threw 0x00000000eabe96b8 at C:\re\jdk7u79\2331\hotspot\src\share\vm\prims\jvm.cpp:1304
Event: 0.121 Thread 0x00000000021ae000 Threw 0x00000000eabeb620 at C:\re\jdk7u79\2331\hotspot\src\share\vm\prims\jvm.cpp:1304

Events (10 events):
Event: 0.121 loading class 0x00000000087010e0
Event: 0.121 loading class 0x00000000087010e0 done
Event: 0.121 loading class 0x00000000087104d0
Event: 0.121 loading class 0x00000000087104d0 done
Event: 0.121 loading class 0x0000000009b426c0
Event: 0.121 loading class 0x0000000009b426c0 done
Event: 0.121 loading class 0x0000000009b44490
Event: 0.121 loading class 0x0000000009b44490 done
Event: 0.121 loading class 0x0000000009b4d180
Event: 0.121 loading class 0x0000000009b4d180 done


Dynamic libraries:
0x000000013fd50000 - 0x000000013fd83000 	C:\Program Files\Java\jdk1.7.0_79\bin\java.exe
0x0000000076d10000 - 0x0000000076eba000 	C:\Windows\SYSTEM32\ntdll.dll
0x0000000076bf0000 - 0x0000000076d0f000 	C:\Windows\system32\kernel32.dll
0x000007fefcfa0000 - 0x000007fefd00a000 	C:\Windows\system32\KERNELBASE.dll
0x000007fefd030000 - 0x000007fefd10b000 	C:\Windows\system32\ADVAPI32.dll
0x000007fefd320000 - 0x000007fefd3bf000 	C:\Windows\system32\msvcrt.dll
0x000007fefd730000 - 0x000007fefd74f000 	C:\Windows\SYSTEM32\sechost.dll
0x000007fefd1a0000 - 0x000007fefd2cd000 	C:\Windows\system32\RPCRT4.dll
0x0000000076af0000 - 0x0000000076bea000 	C:\Windows\system32\USER32.dll
0x000007fefefb0000 - 0x000007feff017000 	C:\Windows\system32\GDI32.dll
0x000007fefd110000 - 0x000007fefd11e000 	C:\Windows\system32\LPK.dll
0x000007fefe980000 - 0x000007fefea4b000 	C:\Windows\system32\USP10.dll
0x000007fefb400000 - 0x000007fefb5f4000 	C:\Windows\WinSxS\amd64_microsoft.windows.common-controls_6595b64144ccf1df_6.0.7601.18837_none_fa3b1e3d17594757\COMCTL32.dll
0x000007fefd120000 - 0x000007fefd191000 	C:\Windows\system32\SHLWAPI.dll
0x000007fefe950000 - 0x000007fefe97e000 	C:\Windows\system32\IMM32.DLL
0x000007fefd880000 - 0x000007fefd989000 	C:\Windows\system32\MSCTF.dll
0x0000000061010000 - 0x00000000610e2000 	C:\Program Files\Java\jdk1.7.0_79\jre\bin\msvcr100.dll
0x0000000054ad0000 - 0x00000000552a5000 	C:\Program Files\Java\jdk1.7.0_79\jre\bin\server\jvm.dll
0x000007fef66e0000 - 0x000007fef66e9000 	C:\Windows\system32\WSOCK32.dll
0x000007fefd2d0000 - 0x000007fefd31d000 	C:\Windows\system32\WS2_32.dll
0x000007fefd990000 - 0x000007fefd998000 	C:\Windows\system32\NSI.dll
0x000007fef8f20000 - 0x000007fef8f5b000 	C:\Windows\system32\WINMM.dll
0x0000000076ed0000 - 0x0000000076ed7000 	C:\Windows\system32\PSAPI.DLL
0x0000000073250000 - 0x000000007325f000 	C:\Program Files\Java\jdk1.7.0_79\jre\bin\verify.dll
0x00000000657f0000 - 0x0000000065818000 	C:\Program Files\Java\jdk1.7.0_79\jre\bin\java.dll
0x0000000072f90000 - 0x0000000072fa5000 	C:\Program Files\Java\jdk1.7.0_79\jre\bin\zip.dll

VM Arguments:
jvm_args: -Djava.awt.headless=true -Xmx1024M -Dfile.encoding=GBK -Duser.country=CN -Duser.language=zh -Duser.variant 
java_command: com.android.dx.command.Main --dex --num-threads=4 --output E:\demo\Home\app\build\intermediates\pre-dexed\release\com.google.android.gms-play-services-basement-8.1.0_d931b38306ef575921f7a17fd1585d53fda22f47.jar E:\demo\Home\app\build\intermediates\exploded-aar\com.google.android.gms\play-services-basement\8.1.0\jars\classes.jar
Launcher Type: SUN_STANDARD

Environment Variables:
PATH=C:\Program Files\Java\jdk1.7.0_79\binC:\Windows\system32;C:\Windows;C:\Windows\System32\Wbem;C:\Windows\System32\WindowsPowerShell\v1.0\;C:\Program Files (x86)\Git\cmd;C:\Program Files\Java\jdk1.7.0_79\bin;C:\Program Files\Java\jdk1.7.0_79\jre\bin\tools.jar;E:\java\apache-jmeter-3.1\bin;E:\java\apache-jmeter-3.1\lib\ext;C:\Program Files\Java\jdk1.7.0_79\bin\dt.jar;E:\java\apache-jmeter-3.1\bin\ext\ApacheJMeter_core.jar;C:\Program Files\TortoiseSVN\bin
USERNAME=computer
OS=Windows_NT
PROCESSOR_IDENTIFIER=Intel64 Family 6 Model 60 Stepping 3, GenuineIntel



---------------  S Y S T E M  ---------------

OS: Windows 7 , 64 bit Build 7601 Service Pack 1

CPU:total 8 (4 cores per cpu, 2 threads per core) family 6 model 60 stepping 3, cmov, cx8, fxsr, mmx, sse, sse2, sse3, ssse3, sse4.1, sse4.2, popcnt, avx, avx2, aes, erms, ht, tsc, tscinvbit

Memory: 4k page, physical 8247844k(1074752k free), swap 8245984k(4756k free)

vm_info: Java HotSpot(TM) 64-Bit Server VM (24.79-b02) for windows-amd64 JRE (1.7.0_79-b15), built on Apr 10 2015 12:36:16 by "java_re" with unknown MS VC++:1600

time: Wed Jul 26 11:53:00 2017
elapsed time: 0 seconds

