#
# There is insufficient memory for the Java Runtime Environment to continue.
# Native memory allocation (malloc) failed to allocate 257536 bytes for Chunk::new
# Possible reasons:
#   The system is out of physical RAM or swap space
#   In 32 bit mode, the process size limit was hit
# Possible solutions:
#   Reduce memory load on the system
#   Increase physical memory or swap space
#   Check if swap backing store is full
#   Use 64 bit Java on a 64 bit OS
#   Decrease Java heap size (-Xmx/-Xms)
#   Decrease number of Java threads
#   Decrease Java thread stack sizes (-Xss)
#   Set larger code cache with -XX:ReservedCodeCacheSize=
# This output file may be truncated or incomplete.
#
#  Out of Memory Error (allocation.cpp:323), pid=7704, tid=9364
#
# JRE version: Java(TM) SE Runtime Environment (7.0_79-b15) (build 1.7.0_79-b15)
# Java VM: Java HotSpot(TM) 64-Bit Server VM (24.79-b02 mixed mode windows-amd64 compressed oops)
# Failed to write core dump. Minidumps are not enabled by default on client versions of Windows
#

---------------  T H R E A D  ---------------

Current thread (0x0000000009aec000):  JavaThread "C2 CompilerThread1" daemon [_thread_in_native, id=9364, stack(0x000000000b470000,0x000000000b570000)]

Stack: [0x000000000b470000,0x000000000b570000]
[error occurred during error reporting (printing stack bounds), id 0xc0000005]


[error occurred during error reporting (printing native stack), id 0xc0000005]


Current CompileTask:
C2:    260   81             com.android.dx.ssa.SsaMethod::computeReachability (131 bytes)


---------------  P R O C E S S  ---------------

Java Threads: ( => current thread )
  0x0000000009d7e000 JavaThread "pool-1-thread-4" [_thread_blocked, id=9644, stack(0x000000000c460000,0x000000000c560000)]
  0x0000000009d46800 JavaThread "pool-1-thread-3" [_thread_in_Java, id=9352, stack(0x000000000c340000,0x000000000c440000)]
  0x0000000009d46000 JavaThread "pool-1-thread-2" [_thread_in_Java, id=8456, stack(0x000000000c1c0000,0x000000000c2c0000)]
  0x0000000009cc4000 JavaThread "pool-2-thread-1" [_thread_blocked, id=9784, stack(0x000000000b5e0000,0x000000000b6e0000)]
  0x0000000009bc8800 JavaThread "pool-1-thread-1" [_thread_in_Java, id=2568, stack(0x000000000aa00000,0x000000000ab00000)]
  0x0000000009afc800 JavaThread "Service Thread" daemon [_thread_blocked, id=8684, stack(0x000000000af10000,0x000000000b010000)]
=>0x0000000009aec000 JavaThread "C2 CompilerThread1" daemon [_thread_in_native, id=9364, stack(0x000000000b470000,0x000000000b570000)]
  0x0000000009ad7000 JavaThread "C2 CompilerThread0" daemon [_thread_in_native, id=4080, stack(0x000000000b270000,0x000000000b370000)]
  0x0000000008b39800 JavaThread "Attach Listener" daemon [_thread_blocked, id=5152, stack(0x000000000b120000,0x000000000b220000)]
  0x0000000009ad6000 JavaThread "Signal Dispatcher" daemon [_thread_blocked, id=8372, stack(0x000000000b010000,0x000000000b110000)]
  0x0000000008b27000 JavaThread "Finalizer" daemon [_thread_blocked, id=7840, stack(0x000000000adb0000,0x000000000aeb0000)]
  0x0000000008b20800 JavaThread "Reference Handler" daemon [_thread_blocked, id=9356, stack(0x000000000acb0000,0x000000000adb0000)]
  0x000000000212e000 JavaThread "main" [_thread_in_Java, id=8388, stack(0x0000000002330000,0x0000000002430000)]

Other Threads:
  0x0000000008b1d000 VMThread [stack: 0x000000000ab30000,0x000000000ac30000] [id=8568]
  0x0000000009b05000 WatcherThread [stack: 0x000000000b6e0000,0x000000000b7e0000] [id=8736]

VM state:not at safepoint (normal execution)

VM Mutex/Monitor currently owned by a thread: None

Heap
 PSYoungGen      total 37888K, used 17740K [0x00000000eaa80000, 0x00000000ed480000, 0x0000000100000000)
  eden space 32768K, 54% used [0x00000000eaa80000,0x00000000ebbd33d0,0x00000000eca80000)
  from space 5120K, 0% used [0x00000000ecf80000,0x00000000ecf80000,0x00000000ed480000)
  to   space 5120K, 0% used [0x00000000eca80000,0x00000000eca80000,0x00000000ecf80000)
 ParOldGen       total 85504K, used 0K [0x00000000c0000000, 0x00000000c5380000, 0x00000000eaa80000)
  object space 85504K, 0% used [0x00000000c0000000,0x00000000c0000000,0x00000000c5380000)
 PSPermGen       total 21504K, used 5673K [0x00000000bae00000, 0x00000000bc300000, 0x00000000c0000000)
  object space 21504K, 26% used [0x00000000bae00000,0x00000000bb38a7d0,0x00000000bc300000)

Card table byte_map: [0x0000000005430000,0x0000000005660000] byte_map_base: 0x0000000004e59000

Polling page: 0x0000000000110000

Code Cache  [0x0000000002430000, 0x00000000026a0000, 0x0000000005430000)
 total_blobs=327 nmethods=88 adapters=191 free_code_cache=48640Kb largest_free_block=49787456

Compilation events (10 events):
Event: 0.254 Thread 0x0000000009ad7000 nmethod 85 0x00000000024af0d0 code [0x00000000024af200, 0x00000000024af278]
Event: 0.254 Thread 0x0000000009ad7000   86             java.util.ArrayList::iterator (10 bytes)
Event: 0.255 Thread 0x0000000009ad7000 nmethod 86 0x00000000024aee10 code [0x00000000024aef60, 0x00000000024af018]
Event: 0.255 Thread 0x0000000009ad7000   87             java.util.ArrayList::isEmpty (13 bytes)
Event: 0.255 Thread 0x0000000009ad7000 nmethod 87 0x00000000024aec10 code [0x00000000024aed40, 0x00000000024aed98]
Event: 0.255 Thread 0x0000000009ad7000   88             com.android.dx.rop.type.Type::getCategory (36 bytes)
Event: 0.256 Thread 0x0000000009ad7000 nmethod 88 0x00000000024aea10 code [0x00000000024aeb40, 0x00000000024aebb8]
Event: 0.256 Thread 0x0000000009ad7000   89             com.android.dx.rop.code.BasicBlockList::get (9 bytes)
Event: 0.256 Thread 0x0000000009ad7000 nmethod 89 0x00000000024b4a90 code [0x00000000024b4be0, 0x00000000024b4c98]
Event: 0.258 Thread 0x0000000009ad7000   90             com.android.dx.rop.code.RegisterSpecSet::mutableCopy (57 bytes)

GC Heap History (0 events):
No events

Deoptimization events (1 events):
Event: 0.246 Thread 0x0000000009d7e000 Uncommon trap: reason=class_check action=maybe_recompile pc=0x00000000024ac900 method=com.android.dx.ssa.NormalSsaInsn.accept(Lcom/android/dx/ssa/SsaInsn$Visitor;)V @ 9

Internal exceptions (10 events):
Event: 0.197 Thread 0x0000000009d7e000 Threw 0x00000000eb3245c8 at C:\re\jdk7u79\2331\hotspot\src\share\vm\prims\jvm.cpp:1304
Event: 0.197 Thread 0x0000000009d7e000 Threw 0x00000000eb3294b8 at C:\re\jdk7u79\2331\hotspot\src\share\vm\prims\jvm.cpp:1304
Event: 0.198 Thread 0x0000000009d7e000 Threw 0x00000000eb32d950 at C:\re\jdk7u79\2331\hotspot\src\share\vm\prims\jvm.cpp:1304
Event: 0.198 Thread 0x0000000009d7e000 Threw 0x00000000eb331198 at C:\re\jdk7u79\2331\hotspot\src\share\vm\prims\jvm.cpp:1304
Event: 0.199 Thread 0x0000000009d7e000 Threw 0x00000000eb33d940 at C:\re\jdk7u79\2331\hotspot\src\share\vm\prims\jvm.cpp:1304
Event: 0.200 Thread 0x0000000009d46000 Threw 0x00000000eb2876a8 at C:\re\jdk7u79\2331\hotspot\src\share\vm\prims\jvm.cpp:1304
Event: 0.200 Thread 0x0000000009d46000 Threw 0x00000000eb28bba0 at C:\re\jdk7u79\2331\hotspot\src\share\vm\prims\jvm.cpp:1304
Event: 0.202 Thread 0x0000000009bc8800 Threw 0x00000000eb70d298 at C:\re\jdk7u79\2331\hotspot\src\share\vm\prims\jvm.cpp:1304
Event: 0.202 Thread 0x0000000009bc8800 Threw 0x00000000eb711f70 at C:\re\jdk7u79\2331\hotspot\src\share\vm\prims\jvm.cpp:1304
Event: 0.212 Thread 0x0000000009bc8800 Threw 0x00000000eb74ef90 at C:\re\jdk7u79\2331\hotspot\src\share\vm\prims\jvm.cpp:1304

Events (10 events):
Event: 0.212 loading class 0x0000000008973bc0 done
Event: 0.212 loading class 0x0000000008973b90
Event: 0.212 loading class 0x0000000008973b90 done
Event: 0.246 Thread 0x0000000009d7e000 Uncommon trap: trap_request=0xffffffde fr.pc=0x00000000024ac900
Event: 0.247 Thread 0x0000000009d7e000 DEOPT PACKING pc=0x00000000024ac900 sp=0x000000000c55ea60
Event: 0.247 Thread 0x0000000009d7e000 DEOPT UNPACKING pc=0x00000000024675a4 sp=0x000000000c55e9b0 mode 2
Event: 0.253 loading class 0x000000000896f590
Event: 0.253 loading class 0x000000000896f590 done
Event: 0.255 loading class 0x0000000008977fc0