#
# There is insufficient memory for the Java Runtime Environment to continue.
# Native memory allocation (malloc) failed to allocate 78496 bytes for Chunk::new
# Possible reasons:
#   The system is out of physical RAM or swap space
#   In 32 bit mode, the process size limit was hit
# Possible solutions:
#   Reduce memory load on the system
#   Increase physical memory or swap space
#   Check if swap backing store is full
#   Use 64 bit Java on a 64 bit OS
#   Decrease Java heap size (-Xmx/-Xms)
#   Decrease number of Java threads
#   Decrease Java thread stack sizes (-Xss)
#   Set larger code cache with -XX:ReservedCodeCacheSize=
# This output file may be truncated or incomplete.
#
#  Out of Memory Error (allocation.cpp:323), pid=1728, tid=10076
#
# JRE version: Java(TM) SE Runtime Environment (7.0_79-b15) (build 1.7.0_79-b15)
# Java VM: Java HotSpot(TM) 64-Bit Server VM (24.79-b02 mixed mode windows-amd64 compressed oops)
# Failed to write core dump. Minidumps are not enabled by default on client versions of Windows
#

---------------  T H R E A D  ---------------

Current thread (0x0000000009e1b800):  JavaThread "C2 CompilerThread1" daemon [_thread_in_native, id=10076, stack(0x000000000b700000,0x000000000b800000)]

Stack: [0x000000000b700000,0x000000000b800000]
[error occurred during error reporting (printing stack bounds), id 0xc0000005]


[error occurred during error reporting (printing native stack), id 0xc0000005]


Current CompileTask:
C2:    572    6             java.lang.String::replace (127 bytes)


---------------  P R O C E S S  ---------------

Java Threads: ( => current thread )
  0x0000000009e1c800 JavaThread "Service Thread" daemon [_thread_blocked, id=9168, stack(0x000000000b890000,0x000000000b990000)]
=>0x0000000009e1b800 JavaThread "C2 CompilerThread1" daemon [_thread_in_native, id=10076, stack(0x000000000b700000,0x000000000b800000)]
  0x0000000009e17000 JavaThread "C2 CompilerThread0" daemon [_thread_blocked, id=9136, stack(0x000000000b1d0000,0x000000000b2d0000)]
  0x0000000009e16800 JavaThread "Attach Listener" daemon [_thread_blocked, id=9268, stack(0x000000000b540000,0x000000000b640000)]
  0x0000000009e30000 JavaThread "Signal Dispatcher" daemon [_thread_blocked, id=9764, stack(0x000000000b2d0000,0x000000000b3d0000)]
  0x0000000008c51000 JavaThread "Finalizer" daemon [_thread_blocked, id=9164, stack(0x000000000af60000,0x000000000b060000)]
  0x0000000002307800 JavaThread "Reference Handler" daemon [_thread_blocked, id=10080, stack(0x000000000b0c0000,0x000000000b1c0000)]
  0x00000000020fe000 JavaThread "main" [_thread_in_Java, id=9796, stack(0x00000000024a0000,0x00000000025a0000)]

Other Threads:
  0x0000000008c4d000 VMThread [stack: 0x000000000ae10000,0x000000000af10000] [id=8732]
  0x0000000009e49000 WatcherThread [stack: 0x000000000b400000,0x000000000b500000] [id=6756]

VM state:not at safepoint (normal execution)

VM Mutex/Monitor currently owned by a thread: None

Heap
 PSYoungGen      total 37888K, used 3283K [0x00000000eaa80000, 0x00000000ed480000, 0x0000000100000000)
  eden space 32768K, 10% used [0x00000000eaa80000,0x00000000eadb4fb0,0x00000000eca80000)
  from space 5120K, 0% used [0x00000000ecf80000,0x00000000ecf80000,0x00000000ed480000)
  to   space 5120K, 0% used [0x00000000eca80000,0x00000000eca80000,0x00000000ecf80000)
 ParOldGen       total 85504K, used 0K [0x00000000c0000000, 0x00000000c5380000, 0x00000000eaa80000)
  object space 85504K, 0% used [0x00000000c0000000,0x00000000c0000000,0x00000000c5380000)
 PSPermGen       total 21504K, used 3336K [0x00000000bae00000, 0x00000000bc300000, 0x00000000c0000000)
  object space 21504K, 15% used [0x00000000bae00000,0x00000000bb142088,0x00000000bc300000)

Card table byte_map: [0x00000000055a0000,0x00000000057d0000] byte_map_base: 0x0000000004fc9000

Polling page: 0x0000000000110000

Code Cache  [0x00000000025a0000, 0x0000000002810000, 0x00000000055a0000)
 total_blobs=198 nmethods=5 adapters=146 free_code_cache=48758Kb largest_free_block=49918848

Compilation events (10 events):
Event: 0.115 Thread 0x0000000009e17000 nmethod 1 0x00000000026024d0 code [0x0000000002602600, 0x0000000002602698]
Event: 0.336 Thread 0x0000000009e1b800    2             sun.misc.ASCIICaseInsensitiveComparator::compare (126 bytes)
Event: 0.349 Thread 0x0000000009e1b800 nmethod 2 0x00000000025ff6d0 code [0x00000000025ff820, 0x00000000025ffb98]
Event: 0.417 Thread 0x0000000009e17000    3             java.lang.String::indexOf (70 bytes)
Event: 0.420 Thread 0x0000000009e17000 nmethod 3 0x00000000026041d0 code [0x0000000002604320, 0x00000000026044a8]
Event: 0.506 Thread 0x0000000009e1b800    4             java.lang.String::hashCode (55 bytes)
Event: 0.508 Thread 0x0000000009e1b800 nmethod 4 0x0000000002604590 code [0x00000000026046c0, 0x0000000002604818]
Event: 0.514 Thread 0x0000000009e17000    5             java.lang.String::lastIndexOf (52 bytes)
Event: 0.516 Thread 0x0000000009e17000 nmethod 5 0x00000000026048d0 code [0x0000000002604a20, 0x0000000002604b88]
Event: 0.571 Thread 0x0000000009e1b800    6             java.lang.String::replace (127 bytes)

GC Heap History (0 events):
No events

Deoptimization events (0 events):
No events

Internal exceptions (10 events):
Event: 0.511 Thread 0x00000000020fe000 Threw 0x00000000eac7d3a0 at C:\re\jdk7u79\2331\hotspot\src\share\vm\prims\jvm.cpp:1304
Event: 0.512 Thread 0x00000000020fe000 Threw 0x00000000eac7f520 at C:\re\jdk7u79\2331\hotspot\src\share\vm\prims\jvm.cpp:1304
Event: 0.512 Thread 0x00000000020fe000 Threw 0x00000000eac840c8 at C:\re\jdk7u79\2331\hotspot\src\share\vm\prims\jvm.cpp:1304
Event: 0.513 Thread 0x00000000020fe000 Threw 0x00000000eac88528 at C:\re\jdk7u79\2331\hotspot\src\share\vm\prims\jvm.cpp:1304
Event: 0.513 Thread 0x00000000020fe000 Threw 0x00000000eac8cf60 at C:\re\jdk7u79\2331\hotspot\src\share\vm\prims\jvm.cpp:1304
Event: 0.513 Thread 0x00000000020fe000 Threw 0x00000000eac91518 at C:\re\jdk7u79\2331\hotspot\src\share\vm\prims\jvm.cpp:1304
Event: 0.550 Thread 0x00000000020fe000 Threw 0x00000000eac98c20 at C:\re\jdk7u79\2331\hotspot\src\share\vm\prims\jvm.cpp:1304
Event: 0.567 Thread 0x00000000020fe000 Threw 0x00000000eac9e3e0 at C:\re\jdk7u79\2331\hotspot\src\share\vm\prims\jvm.cpp:1304
Event: 0.568 Thread 0x00000000020fe000 Threw 0x00000000eaca0550 at C:\re\jdk7u79\2331\hotspot\src\share\vm\prims\jvm.cpp:1304
Event: 0.569 Thread 0x00000000020fe000 Threw 0x00000000eacb6748 at C:\re\jdk7u79\2331\hotspot\src\share\vm\prims\jvm.cpp:1304

Events (10 events):
Event: 0.570 loading class 0x0000000009ecf8d0 done
Event: 0.570 loading class 0x0000000009ecf840 done
Event: 0.570 loading class 0x0000000009ecf140
Event: 0.570 loading class 0x0000000009ecf140 done
Event: 0.570 loading class 0x0000000009ecf900
Event: 0.570 loading class 0x0000000009ecf900 done
Event: 0.570 loading class 0x0000000008a76b60
Event: 0.570 loading class 0x0000000009ed1650
Event: 0.570 loading class 0x0000000009ed1650 done
Event: 0.570 loading class 0x0000000008a76b60 done


Dynamic libraries:
0x000000013fd50000 - 0x000000013fd83000 	C:\Program Files\Java\jdk1.7.0_79\bin\java.exe
0x0000000076d10000 - 0x0000000076eba000 	C:\Windows\SYSTEM32\ntdll.dll
0x0000000076bf0000 - 0x0000000076d0f000 	C:\Windows\system32\kernel32.dll
0x000007fefcfa0000 - 0x000007fefd00a000 	C:\Windows\system32\KERNELBASE.dll
0x000007fefd030000 - 0x000007fefd10b000 	C:\Windows\system32\ADVAPI32.dll
0x000007fefd320000 - 0x000007fefd3bf000 	C:\Windows\system32\msvcrt.dll
0x000007fefd730000 - 0x000007fefd74f000 	C:\Windows\SYSTEM32\sechost.dll
0x000007fefd1a0000 - 0x000007fefd2cd000 	C:\Windows\system32\RPCRT4.dll
0x0000000076af0000 - 0x0000000076bea000 	C:\Windows\system32\USER32.dll
0x000007fefefb0000 - 0x000007feff017000 	C:\Windows\system32\GDI32.dll
0x000007fefd110000 - 0x000007fefd11e000 	C:\Windows\system32\LPK.dll
0x000007fefe980000 - 0x000007fefea4b000 	C:\Windows\system32\USP10.dll
0x000007fefb400000 - 0x000007fefb5f4000 	C:\Windows\WinSxS\amd64_microsoft.windows.common-controls_6595b64144ccf1df_6.0.7601.18837_none_fa3b1e3d17594757\COMCTL32.dll
0x000007fefd120000 - 0x000007fefd191000 	C:\Windows\system32\SHLWAPI.dll
0x000007fefe950000 - 0x000007fefe97e000 	C:\Windows\system32\IMM32.DLL
0x000007fefd880000 - 0x000007fefd989000 	C:\Windows\system32\MSCTF.dll
0x0000000061010000 - 0x00000000610e2000 	C:\Program Files\Java\jdk1.7.0_79\jre\bin\msvcr100.dll
0x0000000054ad0000 - 0x00000000552a5000 	C:\Program Files\Java\jdk1.7.0_79\jre\bin\server\jvm.dll
0x000007fef66e0000 - 0x000007fef66e9000 	C:\Windows\system32\WSOCK32.dll
0x000007fefd2d0000 - 0x000007fefd31d000 	C:\Windows\system32\WS2_32.dll
0x000007fefd990000 - 0x000007fefd998000 	C:\Windows\system32\NSI.dll
0x000007fef8f20000 - 0x000007fef8f5b000 	C:\Windows\system32\WINMM.dll
0x0000000076ed0000 - 0x0000000076ed7000 	C:\Windows\system32\PSAPI.DLL
0x0000000073250000 - 0x000000007325f000 	C:\Program Files\Java\jdk1.7.0_79\jre\bin\verify.dll
0x00000000657f0000 - 0x0000000065818000 	C:\Program Files\Java\jdk1.7.0_79\jre\bin\java.dll
0x0000000072f90000 - 0x0000000072fa5000 	C:\Program Files\Java\jdk1.7.0_79\jre\bin\zip.dll

VM Arguments:
jvm_args: -Djava.awt.headless=true -Xmx1024M -Dfile.encoding=GBK -Duser.country=CN -Duser.language=zh -Duser.variant 
java_command: com.android.dx.command.Main --dex --num-threads=4 --output E:\demo\Home\app\build\intermediates\pre-dexed\release\gson-2.8.0_16b4fca6340d3eeccf07c9228ae69b18b8601331.jar C:\Users\computer\.gradle\caches\modules-2\files-2.1\com.google.code.gson\gson\2.8.0\c4ba5371a29ac9b2ad6129b1d39ea38750043eff\gson-2.8.0.jar
Launcher Type: SUN_STANDARD

Environment Variables:



---------------  S Y S T E M  ---------------

OS: Windows 7 , 64 bit Build 7601 Service Pack 1

CPU:total 8 (4 cores per cpu, 2 threads per core) family 6 model 60 stepping 3, cmov, cx8, fxsr, mmx, sse, sse2, sse3, ssse3, sse4.1, sse4.2, popcnt, avx, avx2, aes, erms, ht, tsc, tscinvbit

Memory: 4k page, physical 8247844k(1083008k free), swap 8245984k(5084k free)

vm_info: Java HotSpot(TM) 64-Bit Server VM (24.79-b02) for windows-amd64 JRE (1.7.0_79-b15), built on Apr 10 2015 12:36:16 by "java_re" with unknown MS VC++:1600

time: Wed Jul 26 11:55:36 2017
elapsed time: 0 seconds

