#
# There is insufficient memory for the Java Runtime Environment to continue.
# Native memory allocation (malloc) failed to allocate 216656 bytes for Chunk::new
# Possible reasons:
#   The system is out of physical RAM or swap space
#   In 32 bit mode, the process size limit was hit
# Possible solutions:
#   Reduce memory load on the system
#   Increase physical memory or swap space
#   Check if swap backing store is full
#   Use 64 bit Java on a 64 bit OS
#   Decrease Java heap size (-Xmx/-Xms)
#   Decrease number of Java threads
#   Decrease Java thread stack sizes (-Xss)
#   Set larger code cache with -XX:ReservedCodeCacheSize=
# This output file may be truncated or incomplete.
#
#  Out of Memory Error (allocation.cpp:323), pid=9512, tid=3040
#
# JRE version: Java(TM) SE Runtime Environment (7.0_79-b15) (build 1.7.0_79-b15)
# Java VM: Java HotSpot(TM) 64-Bit Server VM (24.79-b02 mixed mode windows-amd64 compressed oops)
# Failed to write core dump. Minidumps are not enabled by default on client versions of Windows
#

---------------  T H R E A D  ---------------

Current thread (0x0000000009b5d800):  JavaThread "C2 CompilerThread0" daemon [_thread_in_native, id=3040, stack(0x000000000b330000,0x000000000b430000)]

Stack: [0x000000000b330000,0x000000000b430000]
[error occurred during error reporting (printing stack bounds), id 0xc0000005]


[error occurred during error reporting (printing native stack), id 0xc0000005]


Current CompileTask:
C2:    138   26             java.lang.String::replace (28 bytes)


---------------  P R O C E S S  ---------------

Java Threads: ( => current thread )
  0x0000000008aaf800 JavaThread "Service Thread" daemon [_thread_blocked, id=9372, stack(0x000000000b440000,0x000000000b540000)]
  0x0000000008aa6000 JavaThread "C2 CompilerThread1" daemon [_thread_in_native, id=8640, stack(0x000000000b5b0000,0x000000000b6b0000)]
=>0x0000000009b5d800 JavaThread "C2 CompilerThread0" daemon [_thread_in_native, id=3040, stack(0x000000000b330000,0x000000000b430000)]
  0x0000000009b5d000 JavaThread "Attach Listener" daemon [_thread_blocked, id=5260, stack(0x000000000b170000,0x000000000b270000)]
  0x0000000009b5c000 JavaThread "Signal Dispatcher" daemon [_thread_blocked, id=8704, stack(0x000000000aff0000,0x000000000b0f0000)]
  0x00000000021aa800 JavaThread "Finalizer" daemon [_thread_blocked, id=9108, stack(0x000000000add0000,0x000000000aed0000)]
  0x00000000021a9800 JavaThread "Reference Handler" daemon [_thread_blocked, id=10220, stack(0x000000000ac90000,0x000000000ad90000)]
  0x0000000001fae000 JavaThread "main" [_thread_in_native, id=9732, stack(0x00000000022c0000,0x00000000023c0000)]

Other Threads:
  0x0000000008a91000 VMThread [stack: 0x000000000aa80000,0x000000000ab80000] [id=10232]
  0x0000000009b6f000 WatcherThread [stack: 0x000000000b7c0000,0x000000000b8c0000] [id=7316]

VM state:not at safepoint (normal execution)

VM Mutex/Monitor currently owned by a thread: None

Heap
 PSYoungGen      total 37888K, used 16396K [0x00000000eaa80000, 0x00000000ed480000, 0x0000000100000000)
  eden space 32768K, 50% used [0x00000000eaa80000,0x00000000eba83288,0x00000000eca80000)
  from space 5120K, 0% used [0x00000000ecf80000,0x00000000ecf80000,0x00000000ed480000)
  to   space 5120K, 0% used [0x00000000eca80000,0x00000000eca80000,0x00000000ecf80000)
 ParOldGen       total 85504K, used 0K [0x00000000c0000000, 0x00000000c5380000, 0x00000000eaa80000)
  object space 85504K, 0% used [0x00000000c0000000,0x00000000c0000000,0x00000000c5380000)
 PSPermGen       total 21504K, used 3675K [0x00000000bae00000, 0x00000000bc300000, 0x00000000c0000000)
  object space 21504K, 17% used [0x00000000bae00000,0x00000000bb196d18,0x00000000bc300000)

Card table byte_map: [0x00000000053c0000,0x00000000055f0000] byte_map_base: 0x0000000004de9000

Polling page: 0x00000000000a0000

Code Cache  [0x00000000023c0000, 0x0000000002630000, 0x00000000053c0000)
 total_blobs=244 nmethods=28 adapters=169 free_code_cache=48708Kb largest_free_block=49864704

Compilation events (10 events):
Event: 0.126 Thread 0x0000000009b5d800   24             java.lang.String::indexOf (7 bytes)
Event: 0.128 Thread 0x0000000009b5d800 nmethod 24 0x0000000002426c10 code [0x0000000002426d60, 0x0000000002426ec8]
Event: 0.134 Thread 0x0000000008aa6000   25             java.util.zip.ZipEntry::getName (5 bytes)
Event: 0.134 Thread 0x0000000009b5d800   26             java.lang.String::replace (28 bytes)
Event: 0.134 Thread 0x0000000008aa6000 nmethod 25 0x0000000002426a10 code [0x0000000002426b40, 0x0000000002426b98]
Event: 0.134 Thread 0x0000000008aa6000   27             java.util.regex.Pattern::compile (10 bytes)
Event: 0.135 Thread 0x0000000008aa6000 nmethod 27 0x00000000024265d0 code [0x0000000002426720, 0x0000000002426888]
Event: 0.135 Thread 0x0000000008aa6000   28             java.util.regex.Pattern::<init> (90 bytes)
Event: 0.135 Thread 0x0000000008aa6000 nmethod 28 0x0000000002426290 code [0x00000000024263e0, 0x00000000024264c8]
Event: 0.135 Thread 0x0000000008aa6000   29   !         java.util.regex.Pattern::matcher (44 bytes)

GC Heap History (0 events):
No events

Deoptimization events (0 events):
No events

Internal exceptions (10 events):
Event: 0.082 Thread 0x0000000001fae000 Threw 0x00000000eabd9590 at C:\re\jdk7u79\2331\hotspot\src\share\vm\prims\jvm.cpp:1304
Event: 0.082 Thread 0x0000000001fae000 Threw 0x00000000eabdb710 at C:\re\jdk7u79\2331\hotspot\src\share\vm\prims\jvm.cpp:1304
Event: 0.082 Thread 0x0000000001fae000 Threw 0x00000000eabe02b8 at C:\re\jdk7u79\2331\hotspot\src\share\vm\prims\jvm.cpp:1304
Event: 0.082 Thread 0x0000000001fae000 Threw 0x00000000eabe4718 at C:\re\jdk7u79\2331\hotspot\src\share\vm\prims\jvm.cpp:1304
Event: 0.083 Thread 0x0000000001fae000 Threw 0x00000000eabe9150 at C:\re\jdk7u79\2331\hotspot\src\share\vm\prims\jvm.cpp:1304
Event: 0.083 Thread 0x0000000001fae000 Threw 0x00000000eabed708 at C:\re\jdk7u79\2331\hotspot\src\share\vm\prims\jvm.cpp:1304
Event: 0.085 Thread 0x0000000001fae000 Threw 0x00000000eabf4e10 at C:\re\jdk7u79\2331\hotspot\src\share\vm\prims\jvm.cpp:1304
Event: 0.085 Thread 0x0000000001fae000 Threw 0x00000000eabfa5d0 at C:\re\jdk7u79\2331\hotspot\src\share\vm\prims\jvm.cpp:1304
Event: 0.085 Thread 0x0000000001fae000 Threw 0x00000000eabfc740 at C:\re\jdk7u79\2331\hotspot\src\share\vm\prims\jvm.cpp:1304
Event: 0.102 Thread 0x0000000001fae000 Threw 0x00000000eac532d8 at C:\re\jdk7u79\2331\hotspot\src\share\vm\prims\jvm.cpp:1304

Events (10 events):
Event: 0.137 loading class 0x0000000009c8bbe0 done
Event: 0.137 loading class 0x0000000009c8dde0
Event: 0.137 loading class 0x0000000009c8dde0 done
Event: 0.138 loading class 0x0000000009c8b8b0
Event: 0.138 loading class 0x0000000009c8b8b0 done
Event: 0.138 loading class 0x0000000002120000
Event: 0.138 loading class 0x0000000002120000 done
Event: 0.138 loading class 0x0000000009c8ef50
Event: 0.138 loading class 0x0000000009c8ef50 done
Event: 0.138 loading class 0x0000000009c8bbb0


Dynamic libraries:
0x000000013fd50000 - 0x000000013fd83000 	C:\Program Files\Java\jdk1.7.0_79\bin\java.exe
0x0000000076d10000 - 0x0000000076eba000 	C:\Windows\SYSTEM32\ntdll.dll
0x0000000076bf0000 - 0x0000000076d0f000 	C:\Windows\system32\kernel32.dll
0x000007fefcfa0000 - 0x000007fefd00a000 	C:\Windows\system32\KERNELBASE.dll
0x000007fefd030000 - 0x000007fefd10b000 	C:\Windows\system32\ADVAPI32.dll
0x000007fefd320000 - 0x000007fefd3bf000 	C:\Windows\system32\msvcrt.dll
0x000007fefd730000 - 0x000007fefd74f000 	C:\Windows\SYSTEM32\sechost.dll
0x000007fefd1a0000 - 0x000007fefd2cd000 	C:\Windows\system32\RPCRT4.dll
0x0000000076af0000 - 0x0000000076bea000 	C:\Windows\system32\USER32.dll
0x000007fefefb0000 - 0x000007feff017000 	C:\Windows\system32\GDI32.dll
0x000007fefd110000 - 0x000007fefd11e000 	C:\Windows\system32\LPK.dll
0x000007fefe980000 - 0x000007fefea4b000 	C:\Windows\system32\USP10.dll
0x000007fefb400000 - 0x000007fefb5f4000 	C:\Windows\WinSxS\amd64_microsoft.windows.common-controls_6595b64144ccf1df_6.0.7601.18837_none_fa3b1e3d17594757\COMCTL32.dll
0x000007fefd120000 - 0x000007fefd191000 	C:\Windows\system32\SHLWAPI.dll
0x000007fefe950000 - 0x000007fefe97e000 	C:\Windows\system32\IMM32.DLL
0x000007fefd880000 - 0x000007fefd989000 	C:\Windows\system32\MSCTF.dll
0x0000000061010000 - 0x00000000610e2000 	C:\Program Files\Java\jdk1.7.0_79\jre\bin\msvcr100.dll
0x0000000054ad0000 - 0x00000000552a5000 	C:\Program Files\Java\jdk1.7.0_79\jre\bin\server\jvm.dll
0x000007fef66e0000 - 0x000007fef66e9000 	C:\Windows\system32\WSOCK32.dll
0x000007fefd2d0000 - 0x000007fefd31d000 	C:\Windows\system32\WS2_32.dll
0x000007fefd990000 - 0x000007fefd998000 	C:\Windows\system32\NSI.dll
0x000007fef8f20000 - 0x000007fef8f5b000 	C:\Windows\system32\WINMM.dll
0x0000000076ed0000 - 0x0000000076ed7000 	C:\Windows\system32\PSAPI.DLL
0x0000000073250000 - 0x000000007325f000 	C:\Program Files\Java\jdk1.7.0_79\jre\bin\verify.dll
0x00000000657f0000 - 0x0000000065818000 	C:\Program Files\Java\jdk1.7.0_79\jre\bin\java.dll
0x0000000072f90000 - 0x0000000072fa5000 	C:\Program Files\Java\jdk1.7.0_79\jre\bin\zip.dll
0x0000000072920000 - 0x000000007293a000 	C:\Program Files\Java\jdk1.7.0_79\jre\bin\net.dll

VM Arguments:
jvm_args: -Djava.awt.headless=true -Xmx1024M -Dfile.encoding=GBK -Duser.country=CN -Duser.language=zh -Duser.variant 
java_command: com.android.dx.command.Main --dex --num-threads=4 --output E:\demo\Home\app\build\intermediates\pre-dexed\release\com.google.android.gms-play-services-basement-8.1.0_d931b38306ef575921f7a17fd1585d53fda22f47.jar E:\demo\Home\app\build\intermediates\exploded-aar\com.google.android.gms\play-services-basement\8.1.0\jars\classes.jar
Launcher Type: SUN_STANDARD

Environment Variables:
PATH=C:\Program Files\Java\jdk1.7.0_79\binC:\Windows\system32;C:\Windows;C:\Windows\System32\Wbem;C:\Windows\System32\WindowsPowerShell\v1.0\;C:\Program Files (x86)\Git\cmd;C:\Program Files\Java\jdk1.7.0_79\bin;C:\Program Files\Java\jdk1.7.0_79\jre\bin\tools.jar;E:\java\apache-jmeter-3.1\bin;E:\java\apache-jmeter-3.1\lib\ext;C:\Program Files\Java\jdk1.7.0_79\bin\dt.jar;E:\java\apache-jmeter-3.1\bin\ext\ApacheJMeter_core.jar;C:\Program Files\TortoiseSVN\bin
USERNAME=computer
OS=Windows_NT
PROCESSOR_IDENTIFIER=Intel64 Family 6 Model 60 Stepping 3, GenuineIntel



---------------  S Y S T E M  ---------------

OS: Windows 7 , 64 bit Build 7601 Service Pack 1

CPU:total 8 (4 cores per cpu, 2 threads per core) family 6 model 60 stepping 3, cmov, cx8, fxsr, mmx, sse, sse2, sse3, ssse3, sse4.1, sse4.2, popcnt, avx, avx2, aes, erms, ht, tsc, tscinvbit

Memory: 4k page, physical 8247844k(1068480k free), swap 8245984k(5140k free)

vm_info: Java HotSpot(TM) 64-Bit Server VM (24.79-b02) for windows-amd64 JRE (1.7.0_79-b15), built on Apr 10 2015 12:36:16 by "java_re" with unknown MS VC++:1600

time: Wed Jul 26 11:55:36 2017
elapsed time: 0 seconds

